-- Found ament_cmake: 1.3.8 (/opt/ros/humble/share/ament_cmake/cmake)
-- Found rclcpp: 16.0.8 (/opt/ros/humble/share/rclcpp/cmake)
-- Found rosidl_generator_c: 3.1.5 (/opt/ros/humble/share/rosidl_generator_c/cmake)
-- Found rosidl_adapter: 3.1.5 (/opt/ros/humble/share/rosidl_adapter/cmake)
-- Found rosidl_generator_cpp: 3.1.5 (/opt/ros/humble/share/rosidl_generator_cpp/cmake)
-- Using all available rosidl_typesupport_c: rosidl_typesupport_fastrtps_c;rosidl_typesupport_introspection_c
-- Using all available rosidl_typesupport_cpp: rosidl_typesupport_fastrtps_cpp;rosidl_typesupport_introspection_cpp
-- Found rmw_implementation_cmake: 6.1.1 (/opt/ros/humble/share/rmw_implementation_cmake/cmake)
-- Found rmw_fastrtps_cpp: 6.2.6 (/opt/ros/humble/share/rmw_fastrtps_cpp/cmake)
-- Using RMW implementation 'rmw_fastrtps_cpp' as default
-- Found rclcpp_components: 16.0.8 (/opt/ros/humble/share/rclcpp_components/cmake)
-- Found sensor_msgs: 4.2.3 (/opt/ros/humble/share/sensor_msgs/cmake)
-- Found cv_bridge: 3.2.1 (/opt/ros/humble/share/cv_bridge/cmake)
-- Found image_transport: 3.1.9 (/opt/ros/humble/share/image_transport/cmake)
-- Found tf2: 0.25.6 (/opt/ros/humble/share/tf2/cmake)
-- Found tf2_ros: 0.25.6 (/opt/ros/humble/share/tf2_ros/cmake)
-- Found tf2_geometry_msgs: 0.25.6 (/opt/ros/humble/share/tf2_geometry_msgs/cmake)
-- Found eigen3_cmake_module: 0.1.1 (/opt/ros/humble/share/eigen3_cmake_module/cmake)
-- Ensuring Eigen3 include directory is part of orocos-kdl CMake target
-- Found visualization_msgs: 4.2.3 (/opt/ros/humble/share/visualization_msgs/cmake)
-- Found ament_lint_auto: 0.12.10 (/opt/ros/humble/share/ament_lint_auto/cmake)
-- Added test 'cppcheck' to perform static code analysis on C / C++ code
-- Configured cppcheck include dirs: /home/niu/Desktop/ros2_hoop_detector/src/hoop_detector/include;$<BUILD_INTERFACE:/home/niu/Desktop/ros2_hoop_detector/src/hoop_detector/include>;/home/niu/Desktop/ros2_hoop_detector/src/hoop_detector/../..
-- Configured cppcheck exclude dirs and/or files: 
-- Added test 'lint_cmake' to check CMake code style
-- Added test 'uncrustify' to check C / C++ code style
-- Configured uncrustify additional arguments: 
-- Added test 'xmllint' to check XML markup files
-- Configuring done
-- Generating done
-- Build files have been written to: /home/niu/Desktop/ros2_hoop_detector/build/hoop_detector
[35m[1mConsolidate compiler generated dependencies of target hoop_detector_algorithm[0m
[ 25%] [32mBuilding CXX object CMakeFiles/hoop_detector_algorithm.dir/home/niu/Desktop/ros2_hoop_detector/hoop_detector.cpp.o[0m
[ 50%] [32m[1mLinking CXX static library libhoop_detector_algorithm.a[0m
[ 50%] Built target hoop_detector_algorithm
[35m[1mConsolidate compiler generated dependencies of target hoop_detector_component[0m
[ 75%] [32mBuilding CXX object CMakeFiles/hoop_detector_component.dir/src/hoop_detector_node.cpp.o[0m
[100%] [32m[1mLinking CXX shared library libhoop_detector_component.so[0m
[100%] Built target hoop_detector_component
-- Install configuration: ""
-- Installing: /home/niu/Desktop/ros2_hoop_detector/install/hoop_detector/lib/libhoop_detector_algorithm.a
-- Installing: /home/niu/Desktop/ros2_hoop_detector/install/hoop_detector/lib/libhoop_detector_component.so
-- Set runtime path of "/home/niu/Desktop/ros2_hoop_detector/install/hoop_detector/lib/libhoop_detector_component.so" to ""
-- Installing: /home/niu/Desktop/ros2_hoop_detector/install/hoop_detector/include/
-- Installing: /home/niu/Desktop/ros2_hoop_detector/install/hoop_detector/include//hoop_detector
-- Installing: /home/niu/Desktop/ros2_hoop_detector/install/hoop_detector/include//hoop_detector/hoop_detector.hpp
-- Installing: /home/niu/Desktop/ros2_hoop_detector/install/hoop_detector/share/hoop_detector/environment/library_path.sh
-- Installing: /home/niu/Desktop/ros2_hoop_detector/install/hoop_detector/share/hoop_detector/environment/library_path.dsv
-- Installing: /home/niu/Desktop/ros2_hoop_detector/install/hoop_detector/share/ament_index/resource_index/package_run_dependencies/hoop_detector
-- Installing: /home/niu/Desktop/ros2_hoop_detector/install/hoop_detector/share/ament_index/resource_index/parent_prefix_path/hoop_detector
-- Installing: /home/niu/Desktop/ros2_hoop_detector/install/hoop_detector/share/hoop_detector/environment/ament_prefix_path.sh
-- Installing: /home/niu/Desktop/ros2_hoop_detector/install/hoop_detector/share/hoop_detector/environment/ament_prefix_path.dsv
-- Installing: /home/niu/Desktop/ros2_hoop_detector/install/hoop_detector/share/hoop_detector/environment/path.sh
-- Installing: /home/niu/Desktop/ros2_hoop_detector/install/hoop_detector/share/hoop_detector/environment/path.dsv
-- Installing: /home/niu/Desktop/ros2_hoop_detector/install/hoop_detector/share/hoop_detector/local_setup.bash
-- Installing: /home/niu/Desktop/ros2_hoop_detector/install/hoop_detector/share/hoop_detector/local_setup.sh
-- Installing: /home/niu/Desktop/ros2_hoop_detector/install/hoop_detector/share/hoop_detector/local_setup.zsh
-- Installing: /home/niu/Desktop/ros2_hoop_detector/install/hoop_detector/share/hoop_detector/local_setup.dsv
-- Installing: /home/niu/Desktop/ros2_hoop_detector/install/hoop_detector/share/hoop_detector/package.dsv
-- Installing: /home/niu/Desktop/ros2_hoop_detector/install/hoop_detector/share/ament_index/resource_index/packages/hoop_detector
-- Installing: /home/niu/Desktop/ros2_hoop_detector/install/hoop_detector/share/ament_index/resource_index/rclcpp_components/hoop_detector
-- Installing: /home/niu/Desktop/ros2_hoop_detector/install/hoop_detector/share/hoop_detector/cmake/ament_cmake_export_include_directories-extras.cmake
-- Installing: /home/niu/Desktop/ros2_hoop_detector/install/hoop_detector/share/hoop_detector/cmake/ament_cmake_export_libraries-extras.cmake
-- Installing: /home/niu/Desktop/ros2_hoop_detector/install/hoop_detector/share/hoop_detector/cmake/ament_cmake_export_dependencies-extras.cmake
-- Installing: /home/niu/Desktop/ros2_hoop_detector/install/hoop_detector/share/hoop_detector/cmake/hoop_detectorConfig.cmake
-- Installing: /home/niu/Desktop/ros2_hoop_detector/install/hoop_detector/share/hoop_detector/cmake/hoop_detectorConfig-version.cmake
-- Installing: /home/niu/Desktop/ros2_hoop_detector/install/hoop_detector/share/hoop_detector/package.xml
