[0.011s] Invoking command in '/home/niu/Desktop/ros2_hoop_detector/build/hoop_detector': CMAKE_PREFIX_PATH=${CMAKE_PREFIX_PATH}:/home/niu/Desktop/ROBOCON25_simulation-master/install/visualizer:/home/niu/Desktop/ROBOCON25_simulation-master/install/omni_mpc_controller:/home/niu/Desktop/ROBOCON25_simulation-master/install/new_teleotwistkeyboard:/home/niu/Desktop/ROBOCON25_simulation-master/install/lidar_avoidance:/home/niu/Desktop/ROBOCON25_simulation-master/install/laser:/opt/ros/humble /usr/bin/cmake --build /home/niu/Desktop/ros2_hoop_detector/build/hoop_detector -- -j20 -l20
[0.044s] [35m[1mConsolidate compiler generated dependencies of target hoop_detector_algorithm[0m
[0.054s] [ 50%] Built target hoop_detector_algorithm
[0.063s] [35m[1mConsolidate compiler generated dependencies of target hoop_detector_component[0m
[0.078s] [100%] Built target hoop_detector_component
[0.087s] Invoked command in '/home/niu/Desktop/ros2_hoop_detector/build/hoop_detector' returned '0': CMAKE_PREFIX_PATH=${CMAKE_PREFIX_PATH}:/home/niu/Desktop/ROBOCON25_simulation-master/install/visualizer:/home/niu/Desktop/ROBOCON25_simulation-master/install/omni_mpc_controller:/home/niu/Desktop/ROBOCON25_simulation-master/install/new_teleotwistkeyboard:/home/niu/Desktop/ROBOCON25_simulation-master/install/lidar_avoidance:/home/niu/Desktop/ROBOCON25_simulation-master/install/laser:/opt/ros/humble /usr/bin/cmake --build /home/niu/Desktop/ros2_hoop_detector/build/hoop_detector -- -j20 -l20
[0.113s] Invoking command in '/home/niu/Desktop/ros2_hoop_detector/build/hoop_detector': CMAKE_PREFIX_PATH=${CMAKE_PREFIX_PATH}:/home/niu/Desktop/ROBOCON25_simulation-master/install/visualizer:/home/niu/Desktop/ROBOCON25_simulation-master/install/omni_mpc_controller:/home/niu/Desktop/ROBOCON25_simulation-master/install/new_teleotwistkeyboard:/home/niu/Desktop/ROBOCON25_simulation-master/install/lidar_avoidance:/home/niu/Desktop/ROBOCON25_simulation-master/install/laser:/opt/ros/humble /usr/bin/cmake --install /home/niu/Desktop/ros2_hoop_detector/build/hoop_detector
[0.118s] -- Install configuration: ""
[0.118s] -- Up-to-date: /home/niu/Desktop/ros2_hoop_detector/install/hoop_detector/lib/libhoop_detector_algorithm.a
[0.118s] -- Up-to-date: /home/niu/Desktop/ros2_hoop_detector/install/hoop_detector/lib/libhoop_detector_component.so
[0.118s] -- Up-to-date: /home/niu/Desktop/ros2_hoop_detector/install/hoop_detector/include/
[0.118s] -- Up-to-date: /home/niu/Desktop/ros2_hoop_detector/install/hoop_detector/include//hoop_detector
[0.118s] -- Up-to-date: /home/niu/Desktop/ros2_hoop_detector/install/hoop_detector/include//hoop_detector/hoop_detector.hpp
[0.119s] -- Up-to-date: /home/niu/Desktop/ros2_hoop_detector/install/hoop_detector/share/hoop_detector/environment/library_path.sh
[0.119s] -- Up-to-date: /home/niu/Desktop/ros2_hoop_detector/install/hoop_detector/share/hoop_detector/environment/library_path.dsv
[0.119s] -- Up-to-date: /home/niu/Desktop/ros2_hoop_detector/install/hoop_detector/share/ament_index/resource_index/package_run_dependencies/hoop_detector
[0.119s] -- Up-to-date: /home/niu/Desktop/ros2_hoop_detector/install/hoop_detector/share/ament_index/resource_index/parent_prefix_path/hoop_detector
[0.119s] -- Up-to-date: /home/niu/Desktop/ros2_hoop_detector/install/hoop_detector/share/hoop_detector/environment/ament_prefix_path.sh
[0.119s] -- Up-to-date: /home/niu/Desktop/ros2_hoop_detector/install/hoop_detector/share/hoop_detector/environment/ament_prefix_path.dsv
[0.119s] -- Up-to-date: /home/niu/Desktop/ros2_hoop_detector/install/hoop_detector/share/hoop_detector/environment/path.sh
[0.119s] -- Up-to-date: /home/niu/Desktop/ros2_hoop_detector/install/hoop_detector/share/hoop_detector/environment/path.dsv
[0.119s] -- Up-to-date: /home/niu/Desktop/ros2_hoop_detector/install/hoop_detector/share/hoop_detector/local_setup.bash
[0.119s] -- Up-to-date: /home/niu/Desktop/ros2_hoop_detector/install/hoop_detector/share/hoop_detector/local_setup.sh
[0.119s] -- Up-to-date: /home/niu/Desktop/ros2_hoop_detector/install/hoop_detector/share/hoop_detector/local_setup.zsh
[0.119s] -- Up-to-date: /home/niu/Desktop/ros2_hoop_detector/install/hoop_detector/share/hoop_detector/local_setup.dsv
[0.120s] -- Installing: /home/niu/Desktop/ros2_hoop_detector/install/hoop_detector/share/hoop_detector/package.dsv
[0.120s] -- Up-to-date: /home/niu/Desktop/ros2_hoop_detector/install/hoop_detector/share/ament_index/resource_index/packages/hoop_detector
[0.120s] -- Up-to-date: /home/niu/Desktop/ros2_hoop_detector/install/hoop_detector/share/ament_index/resource_index/rclcpp_components/hoop_detector
[0.121s] -- Up-to-date: /home/niu/Desktop/ros2_hoop_detector/install/hoop_detector/share/hoop_detector/cmake/ament_cmake_export_include_directories-extras.cmake
[0.121s] -- Up-to-date: /home/niu/Desktop/ros2_hoop_detector/install/hoop_detector/share/hoop_detector/cmake/ament_cmake_export_libraries-extras.cmake
[0.122s] -- Up-to-date: /home/niu/Desktop/ros2_hoop_detector/install/hoop_detector/share/hoop_detector/cmake/ament_cmake_export_dependencies-extras.cmake
[0.122s] -- Up-to-date: /home/niu/Desktop/ros2_hoop_detector/install/hoop_detector/share/hoop_detector/cmake/hoop_detectorConfig.cmake
[0.122s] -- Up-to-date: /home/niu/Desktop/ros2_hoop_detector/install/hoop_detector/share/hoop_detector/cmake/hoop_detectorConfig-version.cmake
[0.122s] -- Up-to-date: /home/niu/Desktop/ros2_hoop_detector/install/hoop_detector/share/hoop_detector/package.xml
[0.126s] Invoked command in '/home/niu/Desktop/ros2_hoop_detector/build/hoop_detector' returned '0': CMAKE_PREFIX_PATH=${CMAKE_PREFIX_PATH}:/home/niu/Desktop/ROBOCON25_simulation-master/install/visualizer:/home/niu/Desktop/ROBOCON25_simulation-master/install/omni_mpc_controller:/home/niu/Desktop/ROBOCON25_simulation-master/install/new_teleotwistkeyboard:/home/niu/Desktop/ROBOCON25_simulation-master/install/lidar_avoidance:/home/niu/Desktop/ROBOCON25_simulation-master/install/laser:/opt/ros/humble /usr/bin/cmake --install /home/niu/Desktop/ros2_hoop_detector/build/hoop_detector
