[0.010s] Invoking command in '/home/niu/Desktop/ros2_hoop_detector/build/hik_camera': CMAKE_PREFIX_PATH=${CMAKE_PREFIX_PATH}:/home/niu/Desktop/ROBOCON25_simulation-master/install/visualizer:/home/niu/Desktop/ROBOCON25_simulation-master/install/omni_mpc_controller:/home/niu/Desktop/ROBOCON25_simulation-master/install/new_teleotwistkeyboard:/home/niu/Desktop/ROBOCON25_simulation-master/install/lidar_avoidance:/home/niu/Desktop/ROBOCON25_simulation-master/install/laser:/opt/ros/humble /usr/bin/cmake --build /home/niu/Desktop/ros2_hoop_detector/build/hik_camera -- -j20 -l20
[0.054s] [ 50%] Built target hik_camera_driver
[0.075s] [100%] Built target hik_camera_component
[0.083s] Invoked command in '/home/niu/Desktop/ros2_hoop_detector/build/hik_camera' returned '0': CMAKE_PREFIX_PATH=${CMAKE_PREFIX_PATH}:/home/niu/Desktop/ROBOCON25_simulation-master/install/visualizer:/home/niu/Desktop/ROBOCON25_simulation-master/install/omni_mpc_controller:/home/niu/Desktop/ROBOCON25_simulation-master/install/new_teleotwistkeyboard:/home/niu/Desktop/ROBOCON25_simulation-master/install/lidar_avoidance:/home/niu/Desktop/ROBOCON25_simulation-master/install/laser:/opt/ros/humble /usr/bin/cmake --build /home/niu/Desktop/ros2_hoop_detector/build/hik_camera -- -j20 -l20
[0.114s] Invoking command in '/home/niu/Desktop/ros2_hoop_detector/build/hik_camera': CMAKE_PREFIX_PATH=${CMAKE_PREFIX_PATH}:/home/niu/Desktop/ROBOCON25_simulation-master/install/visualizer:/home/niu/Desktop/ROBOCON25_simulation-master/install/omni_mpc_controller:/home/niu/Desktop/ROBOCON25_simulation-master/install/new_teleotwistkeyboard:/home/niu/Desktop/ROBOCON25_simulation-master/install/lidar_avoidance:/home/niu/Desktop/ROBOCON25_simulation-master/install/laser:/opt/ros/humble /usr/bin/cmake --install /home/niu/Desktop/ros2_hoop_detector/build/hik_camera
[0.119s] -- Install configuration: ""
[0.119s] -- Up-to-date: /home/niu/Desktop/ros2_hoop_detector/install/hik_camera/lib/libhik_camera_driver.a
[0.120s] -- Up-to-date: /home/niu/Desktop/ros2_hoop_detector/install/hik_camera/lib/libhik_camera_component.so
[0.120s] -- Up-to-date: /home/niu/Desktop/ros2_hoop_detector/install/hik_camera/include
[0.120s] -- Up-to-date: /home/niu/Desktop/ros2_hoop_detector/install/hik_camera/include/hik_camera
[0.120s] -- Up-to-date: /home/niu/Desktop/ros2_hoop_detector/install/hik_camera/include/hik_camera/hik_camera.hpp
[0.120s] -- Up-to-date: /home/niu/Desktop/ros2_hoop_detector/install/hik_camera/include/hik_camera/hik_camera_node.hpp
[0.120s] -- Up-to-date: /home/niu/Desktop/ros2_hoop_detector/install/hik_camera/share/hik_camera/environment/library_path.sh
[0.120s] -- Up-to-date: /home/niu/Desktop/ros2_hoop_detector/install/hik_camera/share/hik_camera/environment/library_path.dsv
[0.120s] -- Up-to-date: /home/niu/Desktop/ros2_hoop_detector/install/hik_camera/share/ament_index/resource_index/package_run_dependencies/hik_camera
[0.121s] -- Up-to-date: /home/niu/Desktop/ros2_hoop_detector/install/hik_camera/share/ament_index/resource_index/parent_prefix_path/hik_camera
[0.121s] -- Up-to-date: /home/niu/Desktop/ros2_hoop_detector/install/hik_camera/share/hik_camera/environment/ament_prefix_path.sh
[0.121s] -- Up-to-date: /home/niu/Desktop/ros2_hoop_detector/install/hik_camera/share/hik_camera/environment/ament_prefix_path.dsv
[0.121s] -- Up-to-date: /home/niu/Desktop/ros2_hoop_detector/install/hik_camera/share/hik_camera/environment/path.sh
[0.121s] -- Up-to-date: /home/niu/Desktop/ros2_hoop_detector/install/hik_camera/share/hik_camera/environment/path.dsv
[0.121s] -- Up-to-date: /home/niu/Desktop/ros2_hoop_detector/install/hik_camera/share/hik_camera/local_setup.bash
[0.121s] -- Up-to-date: /home/niu/Desktop/ros2_hoop_detector/install/hik_camera/share/hik_camera/local_setup.sh
[0.121s] -- Up-to-date: /home/niu/Desktop/ros2_hoop_detector/install/hik_camera/share/hik_camera/local_setup.zsh
[0.121s] -- Up-to-date: /home/niu/Desktop/ros2_hoop_detector/install/hik_camera/share/hik_camera/local_setup.dsv
[0.121s] -- Installing: /home/niu/Desktop/ros2_hoop_detector/install/hik_camera/share/hik_camera/package.dsv
[0.121s] -- Up-to-date: /home/niu/Desktop/ros2_hoop_detector/install/hik_camera/share/ament_index/resource_index/packages/hik_camera
[0.122s] -- Up-to-date: /home/niu/Desktop/ros2_hoop_detector/install/hik_camera/share/ament_index/resource_index/rclcpp_components/hik_camera
[0.122s] -- Up-to-date: /home/niu/Desktop/ros2_hoop_detector/install/hik_camera/share/hik_camera/cmake/ament_cmake_export_include_directories-extras.cmake
[0.122s] -- Up-to-date: /home/niu/Desktop/ros2_hoop_detector/install/hik_camera/share/hik_camera/cmake/ament_cmake_export_libraries-extras.cmake
[0.122s] -- Up-to-date: /home/niu/Desktop/ros2_hoop_detector/install/hik_camera/share/hik_camera/cmake/ament_cmake_export_dependencies-extras.cmake
[0.123s] -- Up-to-date: /home/niu/Desktop/ros2_hoop_detector/install/hik_camera/share/hik_camera/cmake/hik_cameraConfig.cmake
[0.123s] -- Up-to-date: /home/niu/Desktop/ros2_hoop_detector/install/hik_camera/share/hik_camera/cmake/hik_cameraConfig-version.cmake
[0.123s] -- Up-to-date: /home/niu/Desktop/ros2_hoop_detector/install/hik_camera/share/hik_camera/package.xml
[0.123s] Invoked command in '/home/niu/Desktop/ros2_hoop_detector/build/hik_camera' returned '0': CMAKE_PREFIX_PATH=${CMAKE_PREFIX_PATH}:/home/niu/Desktop/ROBOCON25_simulation-master/install/visualizer:/home/niu/Desktop/ROBOCON25_simulation-master/install/omni_mpc_controller:/home/niu/Desktop/ROBOCON25_simulation-master/install/new_teleotwistkeyboard:/home/niu/Desktop/ROBOCON25_simulation-master/install/lidar_avoidance:/home/niu/Desktop/ROBOCON25_simulation-master/install/laser:/opt/ros/humble /usr/bin/cmake --install /home/niu/Desktop/ros2_hoop_detector/build/hik_camera
