[0.008s] Invoking command in '/home/niu/Desktop/ros2_hoop_detector/build/hoop_detector': CMAKE_PREFIX_PATH=${CMAKE_PREFIX_PATH}:/home/niu/Desktop/ROBOCON25_simulation-master/install/visualizer:/home/niu/Desktop/ROBOCON25_simulation-master/install/omni_mpc_controller:/home/niu/Desktop/ROBOCON25_simulation-master/install/new_teleotwistkeyboard:/home/niu/Desktop/ROBOCON25_simulation-master/install/lidar_avoidance:/home/niu/Desktop/ROBOCON25_simulation-master/install/laser:/opt/ros/humble /usr/bin/cmake /home/niu/Desktop/ros2_hoop_detector/src/hoop_detector -DCMAKE_INSTALL_PREFIX=/home/niu/Desktop/ros2_hoop_detector/install/hoop_detector
[0.015s] -- Found ament_cmake: 1.3.8 (/opt/ros/humble/share/ament_cmake/cmake)
[0.096s] -- Override CMake install command with custom implementation using symlinks instead of copying resources
[0.100s] -- Found rclcpp: 16.0.8 (/opt/ros/humble/share/rclcpp/cmake)
[0.120s] -- Found rosidl_generator_c: 3.1.5 (/opt/ros/humble/share/rosidl_generator_c/cmake)
[0.122s] -- Found rosidl_adapter: 3.1.5 (/opt/ros/humble/share/rosidl_adapter/cmake)
[0.125s] -- Found rosidl_generator_cpp: 3.1.5 (/opt/ros/humble/share/rosidl_generator_cpp/cmake)
[0.132s] -- Using all available rosidl_typesupport_c: rosidl_typesupport_fastrtps_c;rosidl_typesupport_introspection_c
[0.141s] -- Using all available rosidl_typesupport_cpp: rosidl_typesupport_fastrtps_cpp;rosidl_typesupport_introspection_cpp
[0.177s] -- Found rmw_implementation_cmake: 6.1.1 (/opt/ros/humble/share/rmw_implementation_cmake/cmake)
[0.178s] -- Found rmw_fastrtps_cpp: 6.2.6 (/opt/ros/humble/share/rmw_fastrtps_cpp/cmake)
[0.264s] -- Using RMW implementation 'rmw_fastrtps_cpp' as default
[0.362s] -- Found rclcpp_components: 16.0.8 (/opt/ros/humble/share/rclcpp_components/cmake)
[0.397s] -- Found sensor_msgs: 4.2.3 (/opt/ros/humble/share/sensor_msgs/cmake)
[0.475s] -- Found cv_bridge: 3.2.1 (/opt/ros/humble/share/cv_bridge/cmake)
[0.483s] -- Found image_transport: 3.1.9 (/opt/ros/humble/share/image_transport/cmake)
[0.505s] -- Found tf2: 0.25.6 (/opt/ros/humble/share/tf2/cmake)
[0.509s] -- Found tf2_ros: 0.25.6 (/opt/ros/humble/share/tf2_ros/cmake)
[0.665s] -- Found tf2_geometry_msgs: 0.25.6 (/opt/ros/humble/share/tf2_geometry_msgs/cmake)
[0.668s] -- Found eigen3_cmake_module: 0.1.1 (/opt/ros/humble/share/eigen3_cmake_module/cmake)
[0.669s] -- Ensuring Eigen3 include directory is part of orocos-kdl CMake target
[0.674s] -- Found visualization_msgs: 4.2.3 (/opt/ros/humble/share/visualization_msgs/cmake)
[0.761s] -- Found ament_lint_auto: 0.12.10 (/opt/ros/humble/share/ament_lint_auto/cmake)
[0.806s] -- Added test 'cppcheck' to perform static code analysis on C / C++ code
[0.806s] -- Configured cppcheck include dirs: /home/niu/Desktop/ros2_hoop_detector/src/hoop_detector/include;$<BUILD_INTERFACE:/home/niu/Desktop/ros2_hoop_detector/src/hoop_detector/include>;/home/niu/Desktop/ros2_hoop_detector/src/hoop_detector/../..
[0.806s] -- Configured cppcheck exclude dirs and/or files: 
[0.806s] -- Added test 'lint_cmake' to check CMake code style
[0.807s] -- Added test 'uncrustify' to check C / C++ code style
[0.807s] -- Configured uncrustify additional arguments: 
[0.807s] -- Added test 'xmllint' to check XML markup files
[0.808s] -- Configuring done
[0.820s] -- Generating done
[0.821s] -- Build files have been written to: /home/niu/Desktop/ros2_hoop_detector/build/hoop_detector
[0.828s] Invoked command in '/home/niu/Desktop/ros2_hoop_detector/build/hoop_detector' returned '0': CMAKE_PREFIX_PATH=${CMAKE_PREFIX_PATH}:/home/niu/Desktop/ROBOCON25_simulation-master/install/visualizer:/home/niu/Desktop/ROBOCON25_simulation-master/install/omni_mpc_controller:/home/niu/Desktop/ROBOCON25_simulation-master/install/new_teleotwistkeyboard:/home/niu/Desktop/ROBOCON25_simulation-master/install/lidar_avoidance:/home/niu/Desktop/ROBOCON25_simulation-master/install/laser:/opt/ros/humble /usr/bin/cmake /home/niu/Desktop/ros2_hoop_detector/src/hoop_detector -DCMAKE_INSTALL_PREFIX=/home/niu/Desktop/ros2_hoop_detector/install/hoop_detector
[0.829s] Invoking command in '/home/niu/Desktop/ros2_hoop_detector/build/hoop_detector': CMAKE_PREFIX_PATH=${CMAKE_PREFIX_PATH}:/home/niu/Desktop/ROBOCON25_simulation-master/install/visualizer:/home/niu/Desktop/ROBOCON25_simulation-master/install/omni_mpc_controller:/home/niu/Desktop/ROBOCON25_simulation-master/install/new_teleotwistkeyboard:/home/niu/Desktop/ROBOCON25_simulation-master/install/lidar_avoidance:/home/niu/Desktop/ROBOCON25_simulation-master/install/laser:/opt/ros/humble /usr/bin/cmake --build /home/niu/Desktop/ros2_hoop_detector/build/hoop_detector -- -j20 -l20
[0.860s] [35m[1mConsolidate compiler generated dependencies of target hoop_detector_algorithm[0m
[0.871s] [ 50%] Built target hoop_detector_algorithm
[0.880s] [35m[1mConsolidate compiler generated dependencies of target hoop_detector_component[0m
[0.896s] [ 75%] [32mBuilding CXX object CMakeFiles/hoop_detector_component.dir/src/hoop_detector_node.cpp.o[0m
[4.326s] [100%] [32m[1mLinking CXX shared library libhoop_detector_component.so[0m
[4.522s] [100%] Built target hoop_detector_component
[4.532s] Invoked command in '/home/niu/Desktop/ros2_hoop_detector/build/hoop_detector' returned '0': CMAKE_PREFIX_PATH=${CMAKE_PREFIX_PATH}:/home/niu/Desktop/ROBOCON25_simulation-master/install/visualizer:/home/niu/Desktop/ROBOCON25_simulation-master/install/omni_mpc_controller:/home/niu/Desktop/ROBOCON25_simulation-master/install/new_teleotwistkeyboard:/home/niu/Desktop/ROBOCON25_simulation-master/install/lidar_avoidance:/home/niu/Desktop/ROBOCON25_simulation-master/install/laser:/opt/ros/humble /usr/bin/cmake --build /home/niu/Desktop/ros2_hoop_detector/build/hoop_detector -- -j20 -l20
[4.562s] Invoking command in '/home/niu/Desktop/ros2_hoop_detector/build/hoop_detector': CMAKE_PREFIX_PATH=${CMAKE_PREFIX_PATH}:/home/niu/Desktop/ROBOCON25_simulation-master/install/visualizer:/home/niu/Desktop/ROBOCON25_simulation-master/install/omni_mpc_controller:/home/niu/Desktop/ROBOCON25_simulation-master/install/new_teleotwistkeyboard:/home/niu/Desktop/ROBOCON25_simulation-master/install/lidar_avoidance:/home/niu/Desktop/ROBOCON25_simulation-master/install/laser:/opt/ros/humble /usr/bin/cmake --install /home/niu/Desktop/ros2_hoop_detector/build/hoop_detector
[4.569s] -- Install configuration: ""
[4.570s] -- Execute custom install script
[4.570s] -- Up-to-date symlink: /home/niu/Desktop/ros2_hoop_detector/install/hoop_detector/lib/libhoop_detector_algorithm.a
[4.570s] -- Up-to-date symlink: /home/niu/Desktop/ros2_hoop_detector/install/hoop_detector/lib/libhoop_detector_component.so
[4.570s] -- Up-to-date symlink: /home/niu/Desktop/ros2_hoop_detector/install/hoop_detector/include//hoop_detector/hoop_detector.hpp
[4.570s] -- Up-to-date symlink: /home/niu/Desktop/ros2_hoop_detector/install/hoop_detector/share/hoop_detector/environment/library_path.sh
[4.570s] -- Up-to-date symlink: /home/niu/Desktop/ros2_hoop_detector/install/hoop_detector/share/hoop_detector/environment/library_path.dsv
[4.570s] -- Up-to-date symlink: /home/niu/Desktop/ros2_hoop_detector/install/hoop_detector/share/ament_index/resource_index/package_run_dependencies/hoop_detector
[4.570s] -- Up-to-date symlink: /home/niu/Desktop/ros2_hoop_detector/install/hoop_detector/share/ament_index/resource_index/parent_prefix_path/hoop_detector
[4.570s] -- Up-to-date symlink: /home/niu/Desktop/ros2_hoop_detector/install/hoop_detector/share/hoop_detector/environment/ament_prefix_path.sh
[4.570s] -- Up-to-date symlink: /home/niu/Desktop/ros2_hoop_detector/install/hoop_detector/share/hoop_detector/environment/ament_prefix_path.dsv
[4.570s] -- Up-to-date symlink: /home/niu/Desktop/ros2_hoop_detector/install/hoop_detector/share/hoop_detector/environment/path.sh
[4.570s] -- Up-to-date symlink: /home/niu/Desktop/ros2_hoop_detector/install/hoop_detector/share/hoop_detector/environment/path.dsv
[4.571s] -- Up-to-date symlink: /home/niu/Desktop/ros2_hoop_detector/install/hoop_detector/share/hoop_detector/local_setup.bash
[4.571s] -- Up-to-date symlink: /home/niu/Desktop/ros2_hoop_detector/install/hoop_detector/share/hoop_detector/local_setup.sh
[4.571s] -- Up-to-date symlink: /home/niu/Desktop/ros2_hoop_detector/install/hoop_detector/share/hoop_detector/local_setup.zsh
[4.571s] -- Up-to-date symlink: /home/niu/Desktop/ros2_hoop_detector/install/hoop_detector/share/hoop_detector/local_setup.dsv
[4.571s] -- Symlinking: /home/niu/Desktop/ros2_hoop_detector/install/hoop_detector/share/hoop_detector/package.dsv
[4.576s] -- Up-to-date symlink: /home/niu/Desktop/ros2_hoop_detector/install/hoop_detector/share/ament_index/resource_index/packages/hoop_detector
[4.576s] -- Up-to-date symlink: /home/niu/Desktop/ros2_hoop_detector/install/hoop_detector/share/ament_index/resource_index/rclcpp_components/hoop_detector
[4.576s] -- Up-to-date symlink: /home/niu/Desktop/ros2_hoop_detector/install/hoop_detector/share/hoop_detector/cmake/ament_cmake_export_include_directories-extras.cmake
[4.576s] -- Up-to-date symlink: /home/niu/Desktop/ros2_hoop_detector/install/hoop_detector/share/hoop_detector/cmake/ament_cmake_export_libraries-extras.cmake
[4.576s] -- Up-to-date symlink: /home/niu/Desktop/ros2_hoop_detector/install/hoop_detector/share/hoop_detector/cmake/ament_cmake_export_dependencies-extras.cmake
[4.577s] -- Up-to-date symlink: /home/niu/Desktop/ros2_hoop_detector/install/hoop_detector/share/hoop_detector/cmake/hoop_detectorConfig.cmake
[4.577s] -- Up-to-date symlink: /home/niu/Desktop/ros2_hoop_detector/install/hoop_detector/share/hoop_detector/cmake/hoop_detectorConfig-version.cmake
[4.577s] -- Up-to-date symlink: /home/niu/Desktop/ros2_hoop_detector/install/hoop_detector/share/hoop_detector/package.xml
[4.578s] Invoked command in '/home/niu/Desktop/ros2_hoop_detector/build/hoop_detector' returned '0': CMAKE_PREFIX_PATH=${CMAKE_PREFIX_PATH}:/home/niu/Desktop/ROBOCON25_simulation-master/install/visualizer:/home/niu/Desktop/ROBOCON25_simulation-master/install/omni_mpc_controller:/home/niu/Desktop/ROBOCON25_simulation-master/install/new_teleotwistkeyboard:/home/niu/Desktop/ROBOCON25_simulation-master/install/lidar_avoidance:/home/niu/Desktop/ROBOCON25_simulation-master/install/laser:/opt/ros/humble /usr/bin/cmake --install /home/niu/Desktop/ros2_hoop_detector/build/hoop_detector
