[0.008s] Invoking command in '/home/niu/Desktop/ros2_hoop_detector/build/hoop_detector': CMAKE_PREFIX_PATH=${CMAKE_PREFIX_PATH}:/home/niu/Desktop/ROBOCON25_simulation-master/install/visualizer:/home/niu/Desktop/ROBOCON25_simulation-master/install/omni_mpc_controller:/home/niu/Desktop/ROBOCON25_simulation-master/install/new_teleotwistkeyboard:/home/niu/Desktop/ROBOCON25_simulation-master/install/lidar_avoidance:/home/niu/Desktop/ROBOCON25_simulation-master/install/laser:/opt/ros/humble /usr/bin/cmake /home/niu/Desktop/ros2_hoop_detector/src/hoop_detector -DCMAKE_INSTALL_PREFIX=/home/niu/Desktop/ros2_hoop_detector/install/hoop_detector
[0.015s] -- Found ament_cmake: 1.3.8 (/opt/ros/humble/share/ament_cmake/cmake)
[0.097s] -- Override CMake install command with custom implementation using symlinks instead of copying resources
[0.102s] -- Found rclcpp: 16.0.8 (/opt/ros/humble/share/rclcpp/cmake)
[0.122s] -- Found rosidl_generator_c: 3.1.5 (/opt/ros/humble/share/rosidl_generator_c/cmake)
[0.123s] -- Found rosidl_adapter: 3.1.5 (/opt/ros/humble/share/rosidl_adapter/cmake)
[0.127s] -- Found rosidl_generator_cpp: 3.1.5 (/opt/ros/humble/share/rosidl_generator_cpp/cmake)
[0.135s] -- Using all available rosidl_typesupport_c: rosidl_typesupport_fastrtps_c;rosidl_typesupport_introspection_c
[0.145s] -- Using all available rosidl_typesupport_cpp: rosidl_typesupport_fastrtps_cpp;rosidl_typesupport_introspection_cpp
[0.183s] -- Found rmw_implementation_cmake: 6.1.1 (/opt/ros/humble/share/rmw_implementation_cmake/cmake)
[0.184s] -- Found rmw_fastrtps_cpp: 6.2.6 (/opt/ros/humble/share/rmw_fastrtps_cpp/cmake)
[0.270s] -- Using RMW implementation 'rmw_fastrtps_cpp' as default
[0.366s] -- Found rclcpp_components: 16.0.8 (/opt/ros/humble/share/rclcpp_components/cmake)
[0.400s] -- Found sensor_msgs: 4.2.3 (/opt/ros/humble/share/sensor_msgs/cmake)
[0.474s] -- Found cv_bridge: 3.2.1 (/opt/ros/humble/share/cv_bridge/cmake)
[0.482s] -- Found image_transport: 3.1.9 (/opt/ros/humble/share/image_transport/cmake)
[0.504s] -- Found tf2: 0.25.6 (/opt/ros/humble/share/tf2/cmake)
[0.508s] -- Found tf2_ros: 0.25.6 (/opt/ros/humble/share/tf2_ros/cmake)
[0.661s] -- Found tf2_geometry_msgs: 0.25.6 (/opt/ros/humble/share/tf2_geometry_msgs/cmake)
[0.663s] -- Found eigen3_cmake_module: 0.1.1 (/opt/ros/humble/share/eigen3_cmake_module/cmake)
[0.664s] -- Ensuring Eigen3 include directory is part of orocos-kdl CMake target
[0.669s] -- Found visualization_msgs: 4.2.3 (/opt/ros/humble/share/visualization_msgs/cmake)
[0.752s] -- Found ament_lint_auto: 0.12.10 (/opt/ros/humble/share/ament_lint_auto/cmake)
[0.798s] -- Added test 'cppcheck' to perform static code analysis on C / C++ code
[0.798s] -- Configured cppcheck include dirs: /home/niu/Desktop/ros2_hoop_detector/src/hoop_detector/include;$<BUILD_INTERFACE:/home/niu/Desktop/ros2_hoop_detector/src/hoop_detector/include>;/home/niu/Desktop/ros2_hoop_detector/src/hoop_detector/../..
[0.798s] -- Configured cppcheck exclude dirs and/or files: 
[0.798s] -- Added test 'lint_cmake' to check CMake code style
[0.798s] -- Added test 'uncrustify' to check C / C++ code style
[0.798s] -- Configured uncrustify additional arguments: 
[0.798s] -- Added test 'xmllint' to check XML markup files
[0.799s] -- Configuring done
[0.812s] -- Generating done
[0.813s] -- Build files have been written to: /home/niu/Desktop/ros2_hoop_detector/build/hoop_detector
[0.820s] Invoked command in '/home/niu/Desktop/ros2_hoop_detector/build/hoop_detector' returned '0': CMAKE_PREFIX_PATH=${CMAKE_PREFIX_PATH}:/home/niu/Desktop/ROBOCON25_simulation-master/install/visualizer:/home/niu/Desktop/ROBOCON25_simulation-master/install/omni_mpc_controller:/home/niu/Desktop/ROBOCON25_simulation-master/install/new_teleotwistkeyboard:/home/niu/Desktop/ROBOCON25_simulation-master/install/lidar_avoidance:/home/niu/Desktop/ROBOCON25_simulation-master/install/laser:/opt/ros/humble /usr/bin/cmake /home/niu/Desktop/ros2_hoop_detector/src/hoop_detector -DCMAKE_INSTALL_PREFIX=/home/niu/Desktop/ros2_hoop_detector/install/hoop_detector
[0.821s] Invoking command in '/home/niu/Desktop/ros2_hoop_detector/build/hoop_detector': CMAKE_PREFIX_PATH=${CMAKE_PREFIX_PATH}:/home/niu/Desktop/ROBOCON25_simulation-master/install/visualizer:/home/niu/Desktop/ROBOCON25_simulation-master/install/omni_mpc_controller:/home/niu/Desktop/ROBOCON25_simulation-master/install/new_teleotwistkeyboard:/home/niu/Desktop/ROBOCON25_simulation-master/install/lidar_avoidance:/home/niu/Desktop/ROBOCON25_simulation-master/install/laser:/opt/ros/humble /usr/bin/cmake --build /home/niu/Desktop/ros2_hoop_detector/build/hoop_detector -- -j20 -l20
[0.850s] [35m[1mConsolidate compiler generated dependencies of target hoop_detector_algorithm[0m
[0.862s] [ 50%] Built target hoop_detector_algorithm
[0.870s] [35m[1mConsolidate compiler generated dependencies of target hoop_detector_component[0m
[0.886s] [100%] Built target hoop_detector_component
[0.893s] Invoked command in '/home/niu/Desktop/ros2_hoop_detector/build/hoop_detector' returned '0': CMAKE_PREFIX_PATH=${CMAKE_PREFIX_PATH}:/home/niu/Desktop/ROBOCON25_simulation-master/install/visualizer:/home/niu/Desktop/ROBOCON25_simulation-master/install/omni_mpc_controller:/home/niu/Desktop/ROBOCON25_simulation-master/install/new_teleotwistkeyboard:/home/niu/Desktop/ROBOCON25_simulation-master/install/lidar_avoidance:/home/niu/Desktop/ROBOCON25_simulation-master/install/laser:/opt/ros/humble /usr/bin/cmake --build /home/niu/Desktop/ros2_hoop_detector/build/hoop_detector -- -j20 -l20
[0.918s] Invoking command in '/home/niu/Desktop/ros2_hoop_detector/build/hoop_detector': CMAKE_PREFIX_PATH=${CMAKE_PREFIX_PATH}:/home/niu/Desktop/ROBOCON25_simulation-master/install/visualizer:/home/niu/Desktop/ROBOCON25_simulation-master/install/omni_mpc_controller:/home/niu/Desktop/ROBOCON25_simulation-master/install/new_teleotwistkeyboard:/home/niu/Desktop/ROBOCON25_simulation-master/install/lidar_avoidance:/home/niu/Desktop/ROBOCON25_simulation-master/install/laser:/opt/ros/humble /usr/bin/cmake --install /home/niu/Desktop/ros2_hoop_detector/build/hoop_detector
[0.924s] -- Install configuration: ""
[0.924s] -- Execute custom install script
[0.924s] -- Up-to-date symlink: /home/niu/Desktop/ros2_hoop_detector/install/hoop_detector/lib/libhoop_detector_algorithm.a
[0.924s] -- Up-to-date symlink: /home/niu/Desktop/ros2_hoop_detector/install/hoop_detector/lib/libhoop_detector_component.so
[0.925s] -- Up-to-date symlink: /home/niu/Desktop/ros2_hoop_detector/install/hoop_detector/include//hoop_detector/hoop_detector.hpp
[0.925s] -- Up-to-date symlink: /home/niu/Desktop/ros2_hoop_detector/install/hoop_detector/share/hoop_detector/environment/library_path.sh
[0.925s] -- Up-to-date symlink: /home/niu/Desktop/ros2_hoop_detector/install/hoop_detector/share/hoop_detector/environment/library_path.dsv
[0.925s] -- Up-to-date symlink: /home/niu/Desktop/ros2_hoop_detector/install/hoop_detector/share/ament_index/resource_index/package_run_dependencies/hoop_detector
[0.925s] -- Up-to-date symlink: /home/niu/Desktop/ros2_hoop_detector/install/hoop_detector/share/ament_index/resource_index/parent_prefix_path/hoop_detector
[0.925s] -- Up-to-date symlink: /home/niu/Desktop/ros2_hoop_detector/install/hoop_detector/share/hoop_detector/environment/ament_prefix_path.sh
[0.925s] -- Up-to-date symlink: /home/niu/Desktop/ros2_hoop_detector/install/hoop_detector/share/hoop_detector/environment/ament_prefix_path.dsv
[0.925s] -- Up-to-date symlink: /home/niu/Desktop/ros2_hoop_detector/install/hoop_detector/share/hoop_detector/environment/path.sh
[0.925s] -- Up-to-date symlink: /home/niu/Desktop/ros2_hoop_detector/install/hoop_detector/share/hoop_detector/environment/path.dsv
[0.925s] -- Up-to-date symlink: /home/niu/Desktop/ros2_hoop_detector/install/hoop_detector/share/hoop_detector/local_setup.bash
[0.925s] -- Up-to-date symlink: /home/niu/Desktop/ros2_hoop_detector/install/hoop_detector/share/hoop_detector/local_setup.sh
[0.925s] -- Up-to-date symlink: /home/niu/Desktop/ros2_hoop_detector/install/hoop_detector/share/hoop_detector/local_setup.zsh
[0.925s] -- Up-to-date symlink: /home/niu/Desktop/ros2_hoop_detector/install/hoop_detector/share/hoop_detector/local_setup.dsv
[0.926s] -- Symlinking: /home/niu/Desktop/ros2_hoop_detector/install/hoop_detector/share/hoop_detector/package.dsv
[0.933s] -- Up-to-date symlink: /home/niu/Desktop/ros2_hoop_detector/install/hoop_detector/share/ament_index/resource_index/packages/hoop_detector
[0.933s] -- Up-to-date symlink: /home/niu/Desktop/ros2_hoop_detector/install/hoop_detector/share/ament_index/resource_index/rclcpp_components/hoop_detector
[0.933s] -- Up-to-date symlink: /home/niu/Desktop/ros2_hoop_detector/install/hoop_detector/share/hoop_detector/cmake/ament_cmake_export_include_directories-extras.cmake
[0.933s] -- Up-to-date symlink: /home/niu/Desktop/ros2_hoop_detector/install/hoop_detector/share/hoop_detector/cmake/ament_cmake_export_libraries-extras.cmake
[0.933s] -- Up-to-date symlink: /home/niu/Desktop/ros2_hoop_detector/install/hoop_detector/share/hoop_detector/cmake/ament_cmake_export_dependencies-extras.cmake
[0.933s] -- Up-to-date symlink: /home/niu/Desktop/ros2_hoop_detector/install/hoop_detector/share/hoop_detector/cmake/hoop_detectorConfig.cmake
[0.933s] -- Up-to-date symlink: /home/niu/Desktop/ros2_hoop_detector/install/hoop_detector/share/hoop_detector/cmake/hoop_detectorConfig-version.cmake
[0.933s] -- Up-to-date symlink: /home/niu/Desktop/ros2_hoop_detector/install/hoop_detector/share/hoop_detector/package.xml
[0.935s] Invoked command in '/home/niu/Desktop/ros2_hoop_detector/build/hoop_detector' returned '0': CMAKE_PREFIX_PATH=${CMAKE_PREFIX_PATH}:/home/niu/Desktop/ROBOCON25_simulation-master/install/visualizer:/home/niu/Desktop/ROBOCON25_simulation-master/install/omni_mpc_controller:/home/niu/Desktop/ROBOCON25_simulation-master/install/new_teleotwistkeyboard:/home/niu/Desktop/ROBOCON25_simulation-master/install/lidar_avoidance:/home/niu/Desktop/ROBOCON25_simulation-master/install/laser:/opt/ros/humble /usr/bin/cmake --install /home/niu/Desktop/ros2_hoop_detector/build/hoop_detector
